# JRE version: OpenJDK Runtime Environment (8.0_242-b01) (build 1.8.0_242-release-1644-b01)
# Java VM: OpenJDK 64-Bit Server VM (25.242-b01 mixed mode windows-amd64 compressed oops)
Heap:
 PSYoungGen      total 164352K, used 16538K [0x00000000d5580000, 0x00000000e1e00000, 0x0000000100000000)
  eden space 139264K, 0% used [0x00000000d5580000,0x00000000d5580000,0x00000000ddd80000)
  from space 25088K, 65% used [0x00000000e0580000,0x00000000e15a6af8,0x00000000e1e00000)
  to   space 19968K, 0% used [0x00000000ddd80000,0x00000000ddd80000,0x00000000df100000)
 ParOldGen       total 115712K, used 56611K [0x0000000080000000, 0x0000000087100000, 0x00000000d5580000)
  object space 115712K, 48% used [0x0000000080000000,0x0000000083748f08,0x0000000087100000)
 Metaspace       used 70400K, capacity 73862K, committed 73896K, reserved 1116160K
  class space    used 9716K, capacity 10410K, committed 10416K, reserved 1048576K
GC Heap History (10 events):
Event: 18.706 GC heap after
Heap after GC invocations=19 (full 3):
 PSYoungGen      total 141824K, used 0K [0x00000000d5580000, 0x00000000df480000, 0x0000000100000000)
  eden space 126976K, 0% used [0x00000000d5580000,0x00000000d5580000,0x00000000dd180000)
  from space 14848K, 0% used [0x00000000de180000,0x00000000de180000,0x00000000df000000)
  to   space 16384K, 0% used [0x00000000dd180000,0x00000000dd180000,0x00000000de180000)
 ParOldGen       total 115712K, used 35898K [0x0000000080000000, 0x0000000087100000, 0x00000000d5580000)
  object space 115712K, 31% used [0x0000000080000000,0x000000008230eb68,0x0000000087100000)
 Metaspace       used 56582K, capacity 58974K, committed 59160K, reserved 1099776K
  class space    used 7701K, capacity 8244K, committed 8368K, reserved 1048576K
}
Event: 22.421 GC heap before
{Heap before GC invocations=20 (full 3):
 PSYoungGen      total 141824K, used 126976K [0x00000000d5580000, 0x00000000df480000, 0x0000000100000000)
  eden space 126976K, 100% used [0x00000000d5580000,0x00000000dd180000,0x00000000dd180000)
  from space 14848K, 0% used [0x00000000de180000,0x00000000de180000,0x00000000df000000)
  to   space 16384K, 0% used [0x00000000dd180000,0x00000000dd180000,0x00000000de180000)
 ParOldGen       total 115712K, used 35898K [0x0000000080000000, 0x0000000087100000, 0x00000000d5580000)
  object space 115712K, 31% used [0x0000000080000000,0x000000008230eb68,0x0000000087100000)
 Metaspace       used 62911K, capacity 65730K, committed 65960K, reserved 1105920K
  class space    used 8726K, capacity 9352K, committed 9392K, reserved 1048576K
Event: 22.438 GC heap after
Heap after GC invocations=20 (full 3):
 PSYoungGen      total 143360K, used 11980K [0x00000000d5580000, 0x00000000e0180000, 0x0000000100000000)
  eden space 126976K, 0% used [0x00000000d5580000,0x00000000d5580000,0x00000000dd180000)
  from space 16384K, 73% used [0x00000000dd180000,0x00000000ddd331a0,0x00000000de180000)
  to   space 16896K, 0% used [0x00000000df100000,0x00000000df100000,0x00000000e0180000)
 ParOldGen       total 115712K, used 35906K [0x0000000080000000, 0x0000000087100000, 0x00000000d5580000)
  object space 115712K, 31% used [0x0000000080000000,0x0000000082310b68,0x0000000087100000)
 Metaspace       used 62911K, capacity 65730K, committed 65960K, reserved 1105920K
  class space    used 8726K, capacity 9352K, committed 9392K, reserved 1048576K
}
Event: 26.639 GC heap before
{Heap before GC invocations=21 (full 3):
 PSYoungGen      total 143360K, used 138956K [0x00000000d5580000, 0x00000000e0180000, 0x0000000100000000)
  eden space 126976K, 100% used [0x00000000d5580000,0x00000000dd180000,0x00000000dd180000)
  from space 16384K, 73% used [0x00000000dd180000,0x00000000ddd331a0,0x00000000de180000)
  to   space 16896K, 0% used [0x00000000df100000,0x00000000df100000,0x00000000e0180000)
 ParOldGen       total 115712K, used 35906K [0x0000000080000000, 0x0000000087100000, 0x00000000d5580000)
  object space 115712K, 31% used [0x0000000080000000,0x0000000082310b68,0x0000000087100000)
 Metaspace       used 66232K, capacity 69540K, committed 69800K, reserved 1110016K
  class space    used 9167K, capacity 9862K, committed 9904K, reserved 1048576K
Event: 26.665 GC heap after
Heap after GC invocations=21 (full 3):
 PSYoungGen      total 156160K, used 16876K [0x00000000d5580000, 0x00000000e0680000, 0x0000000100000000)
  eden space 139264K, 0% used [0x00000000d5580000,0x00000000d5580000,0x00000000ddd80000)
  from space 16896K, 99% used [0x00000000df100000,0x00000000e017b038,0x00000000e0180000)
  to   space 19968K, 0% used [0x00000000ddd80000,0x00000000ddd80000,0x00000000df100000)
 ParOldGen       total 115712K, used 37724K [0x0000000080000000, 0x0000000087100000, 0x00000000d5580000)
  object space 115712K, 32% used [0x0000000080000000,0x00000000824d71c8,0x0000000087100000)
 Metaspace       used 66232K, capacity 69540K, committed 69800K, reserved 1110016K
  class space    used 9167K, capacity 9862K, committed 9904K, reserved 1048576K
}
Event: 28.857 GC heap before
{Heap before GC invocations=22 (full 3):
 PSYoungGen      total 156160K, used 156134K [0x00000000d5580000, 0x00000000e0680000, 0x0000000100000000)
  eden space 139264K, 99% used [0x00000000d5580000,0x00000000ddd7e970,0x00000000ddd80000)
  from space 16896K, 99% used [0x00000000df100000,0x00000000e017b038,0x00000000e0180000)
  to   space 19968K, 0% used [0x00000000ddd80000,0x00000000ddd80000,0x00000000df100000)
 ParOldGen       total 115712K, used 37724K [0x0000000080000000, 0x0000000087100000, 0x00000000d5580000)
  object space 115712K, 32% used [0x0000000080000000,0x00000000824d71c8,0x0000000087100000)
 Metaspace       used 67218K, capacity 70582K, committed 70696K, reserved 1110016K
  class space    used 9266K, capacity 9967K, committed 10032K, reserved 1048576K
Event: 28.880 GC heap after
Heap after GC invocations=22 (full 3):
 PSYoungGen      total 159232K, used 19965K [0x00000000d5580000, 0x00000000e1e00000, 0x0000000100000000)
  eden space 139264K, 0% used [0x00000000d5580000,0x00000000d5580000,0x00000000ddd80000)
  from space 19968K, 99% used [0x00000000ddd80000,0x00000000df0ff4f0,0x00000000df100000)
  to   space 25088K, 0% used [0x00000000e0580000,0x00000000e0580000,0x00000000e1e00000)
 ParOldGen       total 115712K, used 43454K [0x0000000080000000, 0x0000000087100000, 0x00000000d5580000)
  object space 115712K, 37% used [0x0000000080000000,0x0000000082a6fac8,0x0000000087100000)
 Metaspace       used 67218K, capacity 70582K, committed 70696K, reserved 1110016K
  class space    used 9266K, capacity 9967K, committed 10032K, reserved 1048576K
}
Event: 31.365 GC heap before
{Heap before GC invocations=23 (full 3):
 PSYoungGen      total 159232K, used 62023K [0x00000000d5580000, 0x00000000e1e00000, 0x0000000100000000)
  eden space 139264K, 30% used [0x00000000d5580000,0x00000000d7e92a98,0x00000000ddd80000)
  from space 19968K, 99% used [0x00000000ddd80000,0x00000000df0ff4f0,0x00000000df100000)
  to   space 25088K, 0% used [0x00000000e0580000,0x00000000e0580000,0x00000000e1e00000)
 ParOldGen       total 115712K, used 43454K [0x0000000080000000, 0x0000000087100000, 0x00000000d5580000)
  object space 115712K, 37% used [0x0000000080000000,0x0000000082a6fac8,0x0000000087100000)
 Metaspace       used 70400K, capacity 73862K, committed 73896K, reserved 1116160K
  class space    used 9716K, capacity 10410K, committed 10416K, reserved 1048576K
Event: 31.388 GC heap after
Heap after GC invocations=23 (full 3):
 PSYoungGen      total 164352K, used 16538K [0x00000000d5580000, 0x00000000e1e00000, 0x0000000100000000)
  eden space 139264K, 0% used [0x00000000d5580000,0x00000000d5580000,0x00000000ddd80000)
  from space 25088K, 65% used [0x00000000e0580000,0x00000000e15a6af8,0x00000000e1e00000)
  to   space 19968K, 0% used [0x00000000ddd80000,0x00000000ddd80000,0x00000000df100000)
 ParOldGen       total 115712K, used 56611K [0x0000000080000000, 0x0000000087100000, 0x00000000d5580000)
  object space 115712K, 48% used [0x0000000080000000,0x0000000083748f08,0x0000000087100000)
 Metaspace       used 70400K, capacity 73862K, committed 73896K, reserved 1116160K
  class space    used 9716K, capacity 10410K, committed 10416K, reserved 1048576K
}
Event: 31.895 GC heap before
{Heap before GC invocations=24 (full 4):
 PSYoungGen      total 164352K, used 16538K [0x00000000d5580000, 0x00000000e1e00000, 0x0000000100000000)
  eden space 139264K, 0% used [0x00000000d5580000,0x00000000d5580000,0x00000000ddd80000)
  from space 25088K, 65% used [0x00000000e0580000,0x00000000e15a6af8,0x00000000e1e00000)
  to   space 19968K, 0% used [0x00000000ddd80000,0x00000000ddd80000,0x00000000df100000)
 ParOldGen       total 115712K, used 56611K [0x0000000080000000, 0x0000000087100000, 0x00000000d5580000)
  object space 115712K, 48% used [0x0000000080000000,0x0000000083748f08,0x0000000087100000)
 Metaspace       used 70400K, capacity 73862K, committed 73896K, reserved 1116160K
  class space    used 9716K, capacity 10410K, committed 10416K, reserved 1048576K

